{"C:\\Users\\AkanmuC\\desktop\\andela\\final-project\\server\\server.test.js":{"path":"C:\\Users\\AkanmuC\\desktop\\andela\\final-project\\server\\server.test.js","s":{"1":1,"2":1,"3":1,"4":1,"5":1,"6":1,"7":1,"8":1,"9":2,"10":1,"11":1,"12":1,"13":1,"14":2,"15":2,"16":1,"17":1,"18":1,"19":1,"20":1,"21":1,"22":1,"23":1,"24":1,"25":1,"26":1,"27":1,"28":1,"29":1,"30":1,"31":1,"32":1,"33":1,"34":1,"35":1,"36":1,"37":1,"38":1,"39":1,"40":1,"41":1,"42":1,"43":1,"44":1,"45":1,"46":1,"47":1,"48":1,"49":1,"50":1,"51":1,"52":1,"53":1,"54":1,"55":1,"56":1,"57":1,"58":1,"59":1,"60":1,"61":1,"62":1},"b":{"1":[1,1],"2":[2,2],"3":[1,0],"4":[2,0],"5":[0,1],"6":[1,1]},"f":{"1":2,"2":1,"3":1,"4":1,"5":1,"6":1,"7":1,"8":1,"9":1,"10":1,"11":1,"12":1,"13":1,"14":1,"15":1,"16":1,"17":1,"18":1,"19":1,"20":1,"21":1,"22":1,"23":1,"24":1,"25":1},"fnMap":{"1":{"name":"_interopRequireWildcard","line":17,"loc":{"start":{"line":17,"column":0},"end":{"line":17,"column":38}}},"2":{"name":"_interopRequireDefault","line":19,"loc":{"start":{"line":19,"column":0},"end":{"line":19,"column":37}}},"3":{"name":"(anonymous_3)","line":23,"loc":{"start":{"line":23,"column":34},"end":{"line":23,"column":46}}},"4":{"name":"(anonymous_4)","line":24,"loc":{"start":{"line":24,"column":33},"end":{"line":24,"column":49}}},"5":{"name":"(anonymous_5)","line":27,"loc":{"start":{"line":27,"column":51},"end":{"line":27,"column":67}}},"6":{"name":"(anonymous_6)","line":32,"loc":{"start":{"line":32,"column":35},"end":{"line":32,"column":47}}},"7":{"name":"(anonymous_7)","line":33,"loc":{"start":{"line":33,"column":61},"end":{"line":33,"column":77}}},"8":{"name":"(anonymous_8)","line":42,"loc":{"start":{"line":42,"column":70},"end":{"line":42,"column":86}}},"9":{"name":"(anonymous_9)","line":48,"loc":{"start":{"line":48,"column":57},"end":{"line":48,"column":73}}},"10":{"name":"(anonymous_10)","line":59,"loc":{"start":{"line":59,"column":44},"end":{"line":59,"column":56}}},"11":{"name":"(anonymous_11)","line":60,"loc":{"start":{"line":60,"column":40},"end":{"line":60,"column":56}}},"12":{"name":"(anonymous_12)","line":68,"loc":{"start":{"line":68,"column":41},"end":{"line":68,"column":57}}},"13":{"name":"(anonymous_13)","line":76,"loc":{"start":{"line":76,"column":53},"end":{"line":76,"column":65}}},"14":{"name":"(anonymous_14)","line":77,"loc":{"start":{"line":77,"column":75},"end":{"line":77,"column":91}}},"15":{"name":"(anonymous_15)","line":83,"loc":{"start":{"line":83,"column":57},"end":{"line":83,"column":73}}},"16":{"name":"(anonymous_16)","line":88,"loc":{"start":{"line":88,"column":55},"end":{"line":88,"column":71}}},"17":{"name":"(anonymous_17)","line":95,"loc":{"start":{"line":95,"column":46},"end":{"line":95,"column":58}}},"18":{"name":"(anonymous_18)","line":96,"loc":{"start":{"line":96,"column":83},"end":{"line":96,"column":99}}},"19":{"name":"(anonymous_19)","line":102,"loc":{"start":{"line":102,"column":85},"end":{"line":102,"column":101}}},"20":{"name":"(anonymous_20)","line":108,"loc":{"start":{"line":108,"column":58},"end":{"line":108,"column":74}}},"21":{"name":"(anonymous_21)","line":114,"loc":{"start":{"line":114,"column":70},"end":{"line":114,"column":86}}},"22":{"name":"(anonymous_22)","line":119,"loc":{"start":{"line":119,"column":72},"end":{"line":119,"column":88}}},"23":{"name":"(anonymous_23)","line":126,"loc":{"start":{"line":126,"column":47},"end":{"line":126,"column":59}}},"24":{"name":"(anonymous_24)","line":127,"loc":{"start":{"line":127,"column":61},"end":{"line":127,"column":77}}},"25":{"name":"(anonymous_25)","line":130,"loc":{"start":{"line":130,"column":85},"end":{"line":130,"column":101}}}},"statementMap":{"1":{"start":{"line":3,"column":0},"end":{"line":3,"column":38}},"2":{"start":{"line":5,"column":0},"end":{"line":5,"column":53}},"3":{"start":{"line":7,"column":0},"end":{"line":7,"column":42}},"4":{"start":{"line":9,"column":0},"end":{"line":9,"column":38}},"5":{"start":{"line":11,"column":0},"end":{"line":11,"column":52}},"6":{"start":{"line":13,"column":0},"end":{"line":13,"column":50}},"7":{"start":{"line":15,"column":0},"end":{"line":15,"column":50}},"8":{"start":{"line":17,"column":0},"end":{"line":17,"column":272}},"9":{"start":{"line":17,"column":40},"end":{"line":17,"column":270}},"10":{"start":{"line":17,"column":69},"end":{"line":17,"column":80}},"11":{"start":{"line":17,"column":90},"end":{"line":17,"column":106}},"12":{"start":{"line":17,"column":107},"end":{"line":17,"column":228}},"13":{"start":{"line":17,"column":126},"end":{"line":17,"column":226}},"14":{"start":{"line":17,"column":149},"end":{"line":17,"column":224}},"15":{"start":{"line":17,"column":201},"end":{"line":17,"column":224}},"16":{"start":{"line":17,"column":229},"end":{"line":17,"column":253}},"17":{"start":{"line":17,"column":254},"end":{"line":17,"column":268}},"18":{"start":{"line":19,"column":0},"end":{"line":19,"column":97}},"19":{"start":{"line":19,"column":39},"end":{"line":19,"column":95}},"20":{"start":{"line":21,"column":0},"end":{"line":21,"column":43}},"21":{"start":{"line":23,"column":0},"end":{"line":30,"column":3}},"22":{"start":{"line":24,"column":2},"end":{"line":26,"column":5}},"23":{"start":{"line":25,"column":4},"end":{"line":25,"column":59}},"24":{"start":{"line":27,"column":2},"end":{"line":29,"column":5}},"25":{"start":{"line":28,"column":4},"end":{"line":28,"column":78}},"26":{"start":{"line":32,"column":0},"end":{"line":54,"column":3}},"27":{"start":{"line":33,"column":2},"end":{"line":41,"column":5}},"28":{"start":{"line":34,"column":4},"end":{"line":40,"column":48}},"29":{"start":{"line":42,"column":2},"end":{"line":47,"column":5}},"30":{"start":{"line":43,"column":4},"end":{"line":46,"column":17}},"31":{"start":{"line":48,"column":2},"end":{"line":53,"column":5}},"32":{"start":{"line":49,"column":4},"end":{"line":52,"column":17}},"33":{"start":{"line":56,"column":0},"end":{"line":56,"column":45}},"34":{"start":{"line":57,"column":0},"end":{"line":57,"column":39}},"35":{"start":{"line":59,"column":0},"end":{"line":74,"column":3}},"36":{"start":{"line":60,"column":2},"end":{"line":67,"column":5}},"37":{"start":{"line":61,"column":4},"end":{"line":66,"column":49}},"38":{"start":{"line":68,"column":2},"end":{"line":73,"column":5}},"39":{"start":{"line":69,"column":4},"end":{"line":72,"column":48}},"40":{"start":{"line":76,"column":0},"end":{"line":93,"column":3}},"41":{"start":{"line":77,"column":2},"end":{"line":82,"column":5}},"42":{"start":{"line":78,"column":4},"end":{"line":81,"column":74}},"43":{"start":{"line":83,"column":2},"end":{"line":87,"column":5}},"44":{"start":{"line":84,"column":4},"end":{"line":86,"column":17}},"45":{"start":{"line":88,"column":2},"end":{"line":92,"column":5}},"46":{"start":{"line":89,"column":4},"end":{"line":91,"column":48}},"47":{"start":{"line":95,"column":0},"end":{"line":124,"column":3}},"48":{"start":{"line":96,"column":2},"end":{"line":101,"column":5}},"49":{"start":{"line":97,"column":4},"end":{"line":100,"column":112}},"50":{"start":{"line":102,"column":2},"end":{"line":107,"column":5}},"51":{"start":{"line":103,"column":4},"end":{"line":106,"column":114}},"52":{"start":{"line":108,"column":2},"end":{"line":113,"column":5}},"53":{"start":{"line":109,"column":4},"end":{"line":112,"column":112}},"54":{"start":{"line":114,"column":2},"end":{"line":118,"column":5}},"55":{"start":{"line":115,"column":4},"end":{"line":117,"column":111}},"56":{"start":{"line":119,"column":2},"end":{"line":123,"column":5}},"57":{"start":{"line":120,"column":4},"end":{"line":122,"column":114}},"58":{"start":{"line":126,"column":0},"end":{"line":133,"column":3}},"59":{"start":{"line":127,"column":2},"end":{"line":129,"column":5}},"60":{"start":{"line":128,"column":4},"end":{"line":128,"column":170}},"61":{"start":{"line":130,"column":2},"end":{"line":132,"column":5}},"62":{"start":{"line":131,"column":4},"end":{"line":131,"column":154}}},"branchMap":{"1":{"line":17,"type":"if","locations":[{"start":{"line":17,"column":40},"end":{"line":17,"column":40}},{"start":{"line":17,"column":40},"end":{"line":17,"column":40}}]},"2":{"line":17,"type":"binary-expr","locations":[{"start":{"line":17,"column":44},"end":{"line":17,"column":47}},{"start":{"line":17,"column":51},"end":{"line":17,"column":65}}]},"3":{"line":17,"type":"if","locations":[{"start":{"line":17,"column":107},"end":{"line":17,"column":107}},{"start":{"line":17,"column":107},"end":{"line":17,"column":107}}]},"4":{"line":17,"type":"if","locations":[{"start":{"line":17,"column":149},"end":{"line":17,"column":149}},{"start":{"line":17,"column":149},"end":{"line":17,"column":149}}]},"5":{"line":19,"type":"cond-expr","locations":[{"start":{"line":19,"column":70},"end":{"line":19,"column":73}},{"start":{"line":19,"column":76},"end":{"line":19,"column":94}}]},"6":{"line":19,"type":"binary-expr","locations":[{"start":{"line":19,"column":46},"end":{"line":19,"column":49}},{"start":{"line":19,"column":53},"end":{"line":19,"column":67}}]}}},"C:\\Users\\AkanmuC\\desktop\\andela\\final-project\\server\\server.js":{"path":"C:\\Users\\AkanmuC\\desktop\\andela\\final-project\\server\\server.js","s":{"1":1,"2":1,"3":1,"4":1,"5":1,"6":1,"7":1,"8":1,"9":1,"10":1,"11":1,"12":1,"13":1,"14":5,"15":1,"16":1,"17":1,"18":1,"19":1,"20":1,"21":17,"22":17,"23":17,"24":0,"25":0,"26":17,"27":1,"28":1,"29":1,"30":1,"31":0,"32":1,"33":1,"34":0,"35":1,"36":0,"37":1,"38":0,"39":1,"40":0,"41":1,"42":0,"43":1,"44":0,"45":0,"46":0,"47":1,"48":0,"49":0,"50":1,"51":1,"52":0,"53":0},"b":{"1":[1,4],"2":[5,5],"3":[1,1],"4":[0,17],"5":[0,0],"6":[0,1]},"f":{"1":5,"2":17,"3":0,"4":0,"5":0,"6":0,"7":0,"8":0,"9":0,"10":0,"11":0},"fnMap":{"1":{"name":"_interopRequireDefault","line":28,"loc":{"start":{"line":28,"column":0},"end":{"line":28,"column":37}}},"2":{"name":"(anonymous_2)","line":38,"loc":{"start":{"line":38,"column":8},"end":{"line":38,"column":34}}},"3":{"name":"(anonymous_3)","line":56,"loc":{"start":{"line":56,"column":50},"end":{"line":56,"column":62}}},"4":{"name":"(anonymous_4)","line":62,"loc":{"start":{"line":62,"column":13},"end":{"line":62,"column":33}}},"5":{"name":"(anonymous_5)","line":68,"loc":{"start":{"line":68,"column":20},"end":{"line":68,"column":40}}},"6":{"name":"(anonymous_6)","line":74,"loc":{"start":{"line":74,"column":21},"end":{"line":74,"column":41}}},"7":{"name":"(anonymous_7)","line":80,"loc":{"start":{"line":80,"column":26},"end":{"line":80,"column":46}}},"8":{"name":"(anonymous_8)","line":86,"loc":{"start":{"line":86,"column":25},"end":{"line":86,"column":45}}},"9":{"name":"(anonymous_9)","line":93,"loc":{"start":{"line":93,"column":8},"end":{"line":93,"column":34}}},"10":{"name":"(anonymous_10)","line":99,"loc":{"start":{"line":99,"column":8},"end":{"line":99,"column":41}}},"11":{"name":"(anonymous_11)","line":112,"loc":{"start":{"line":112,"column":21},"end":{"line":112,"column":33}}}},"statementMap":{"1":{"start":{"line":3,"column":0},"end":{"line":5,"column":3}},"2":{"start":{"line":6,"column":0},"end":{"line":6,"column":24}},"3":{"start":{"line":8,"column":0},"end":{"line":8,"column":34}},"4":{"start":{"line":10,"column":0},"end":{"line":10,"column":49}},"5":{"start":{"line":12,"column":0},"end":{"line":12,"column":41}},"6":{"start":{"line":14,"column":0},"end":{"line":14,"column":55}},"7":{"start":{"line":16,"column":0},"end":{"line":16,"column":26}},"8":{"start":{"line":18,"column":0},"end":{"line":18,"column":41}},"9":{"start":{"line":20,"column":0},"end":{"line":20,"column":32}},"10":{"start":{"line":22,"column":0},"end":{"line":22,"column":47}},"11":{"start":{"line":24,"column":0},"end":{"line":24,"column":52}},"12":{"start":{"line":26,"column":0},"end":{"line":26,"column":53}},"13":{"start":{"line":28,"column":0},"end":{"line":28,"column":97}},"14":{"start":{"line":28,"column":39},"end":{"line":28,"column":95}},"15":{"start":{"line":30,"column":0},"end":{"line":30,"column":36}},"16":{"start":{"line":33,"column":0},"end":{"line":33,"column":38}},"17":{"start":{"line":35,"column":0},"end":{"line":35,"column":41}},"18":{"start":{"line":36,"column":0},"end":{"line":36,"column":65}},"19":{"start":{"line":37,"column":0},"end":{"line":37,"column":40}},"20":{"start":{"line":38,"column":0},"end":{"line":46,"column":3}},"21":{"start":{"line":39,"column":4},"end":{"line":39,"column":51}},"22":{"start":{"line":40,"column":4},"end":{"line":40,"column":52}},"23":{"start":{"line":41,"column":4},"end":{"line":44,"column":5}},"24":{"start":{"line":42,"column":8},"end":{"line":42,"column":84}},"25":{"start":{"line":43,"column":8},"end":{"line":43,"column":40}},"26":{"start":{"line":45,"column":4},"end":{"line":45,"column":11}},"27":{"start":{"line":48,"column":0},"end":{"line":48,"column":53}},"28":{"start":{"line":51,"column":0},"end":{"line":51,"column":68}},"29":{"start":{"line":54,"column":0},"end":{"line":54,"column":70}},"30":{"start":{"line":56,"column":0},"end":{"line":58,"column":3}},"31":{"start":{"line":57,"column":4},"end":{"line":57,"column":36}},"32":{"start":{"line":60,"column":0},"end":{"line":60,"column":30}},"33":{"start":{"line":62,"column":0},"end":{"line":66,"column":3}},"34":{"start":{"line":63,"column":4},"end":{"line":65,"column":7}},"35":{"start":{"line":68,"column":0},"end":{"line":72,"column":3}},"36":{"start":{"line":69,"column":4},"end":{"line":71,"column":7}},"37":{"start":{"line":74,"column":0},"end":{"line":78,"column":3}},"38":{"start":{"line":75,"column":4},"end":{"line":77,"column":7}},"39":{"start":{"line":80,"column":0},"end":{"line":84,"column":3}},"40":{"start":{"line":81,"column":4},"end":{"line":83,"column":7}},"41":{"start":{"line":86,"column":0},"end":{"line":90,"column":3}},"42":{"start":{"line":87,"column":4},"end":{"line":89,"column":7}},"43":{"start":{"line":93,"column":0},"end":{"line":97,"column":3}},"44":{"start":{"line":94,"column":4},"end":{"line":94,"column":39}},"45":{"start":{"line":95,"column":4},"end":{"line":95,"column":23}},"46":{"start":{"line":96,"column":4},"end":{"line":96,"column":16}},"47":{"start":{"line":99,"column":0},"end":{"line":106,"column":3}},"48":{"start":{"line":100,"column":4},"end":{"line":100,"column":36}},"49":{"start":{"line":101,"column":4},"end":{"line":105,"column":7}},"50":{"start":{"line":108,"column":0},"end":{"line":108,"column":18}},"51":{"start":{"line":111,"column":0},"end":{"line":115,"column":1}},"52":{"start":{"line":112,"column":4},"end":{"line":114,"column":7}},"53":{"start":{"line":113,"column":8},"end":{"line":113,"column":60}}},"branchMap":{"1":{"line":28,"type":"cond-expr","locations":[{"start":{"line":28,"column":70},"end":{"line":28,"column":73}},{"start":{"line":28,"column":76},"end":{"line":28,"column":94}}]},"2":{"line":28,"type":"binary-expr","locations":[{"start":{"line":28,"column":46},"end":{"line":28,"column":49}},{"start":{"line":28,"column":53},"end":{"line":28,"column":67}}]},"3":{"line":30,"type":"binary-expr","locations":[{"start":{"line":30,"column":11},"end":{"line":30,"column":27}},{"start":{"line":30,"column":31},"end":{"line":30,"column":35}}]},"4":{"line":41,"type":"if","locations":[{"start":{"line":41,"column":4},"end":{"line":41,"column":4}},{"start":{"line":41,"column":4},"end":{"line":41,"column":4}}]},"5":{"line":100,"type":"binary-expr","locations":[{"start":{"line":100,"column":15},"end":{"line":100,"column":27}},{"start":{"line":100,"column":31},"end":{"line":100,"column":34}}]},"6":{"line":111,"type":"if","locations":[{"start":{"line":111,"column":0},"end":{"line":111,"column":0}},{"start":{"line":111,"column":0},"end":{"line":111,"column":0}}]}}},"C:\\Users\\AkanmuC\\desktop\\andela\\final-project\\api\\routes\\questions.js":{"path":"C:\\Users\\AkanmuC\\desktop\\andela\\final-project\\api\\routes\\questions.js","s":{"1":1,"2":1,"3":1,"4":1,"5":1,"6":1,"7":1,"8":1,"9":0,"10":0,"11":0,"12":0,"13":0,"14":0,"15":0,"16":1,"17":1,"18":1,"19":1,"20":2,"21":2,"22":1,"23":2,"24":2,"25":1,"26":1,"27":1,"28":3,"29":3,"30":2,"31":1,"32":1,"33":3,"34":3,"35":2,"36":1,"37":1,"38":5,"39":5,"40":3,"41":2,"42":1,"43":2,"44":2,"45":1,"46":1,"47":1},"b":{"1":[1,0],"2":[1,1],"3":[0,0],"4":[0,0],"5":[0,1],"6":[1,1],"7":[1,1],"8":[2,1],"9":[2,1],"10":[3,2],"11":[1,1]},"f":{"1":1,"2":1,"3":2,"4":2,"5":2,"6":3,"7":3,"8":3,"9":3,"10":5,"11":5,"12":2,"13":2},"fnMap":{"1":{"name":"_interopRequireWildcard","line":15,"loc":{"start":{"line":15,"column":0},"end":{"line":15,"column":38}}},"2":{"name":"_interopRequireDefault","line":17,"loc":{"start":{"line":17,"column":0},"end":{"line":17,"column":37}}},"3":{"name":"(anonymous_3)","line":23,"loc":{"start":{"line":23,"column":16},"end":{"line":23,"column":42}}},"4":{"name":"(anonymous_4)","line":29,"loc":{"start":{"line":29,"column":27},"end":{"line":29,"column":53}}},"5":{"name":"(anonymous_5)","line":30,"loc":{"start":{"line":30,"column":50},"end":{"line":30,"column":83}}},"6":{"name":"(anonymous_6)","line":39,"loc":{"start":{"line":39,"column":17},"end":{"line":39,"column":43}}},"7":{"name":"(anonymous_7)","line":40,"loc":{"start":{"line":40,"column":63},"end":{"line":40,"column":95}}},"8":{"name":"(anonymous_8)","line":49,"loc":{"start":{"line":49,"column":36},"end":{"line":49,"column":62}}},"9":{"name":"(anonymous_9)","line":50,"loc":{"start":{"line":50,"column":62},"end":{"line":50,"column":94}}},"10":{"name":"(anonymous_10)","line":59,"loc":{"start":{"line":59,"column":29},"end":{"line":59,"column":55}}},"11":{"name":"(anonymous_11)","line":60,"loc":{"start":{"line":60,"column":80},"end":{"line":60,"column":112}}},"12":{"name":"(anonymous_12)","line":69,"loc":{"start":{"line":69,"column":33},"end":{"line":69,"column":59}}},"13":{"name":"(anonymous_13)","line":70,"loc":{"start":{"line":70,"column":49},"end":{"line":70,"column":81}}}},"statementMap":{"1":{"start":{"line":3,"column":0},"end":{"line":5,"column":3}},"2":{"start":{"line":7,"column":0},"end":{"line":7,"column":34}},"3":{"start":{"line":9,"column":0},"end":{"line":9,"column":49}},"4":{"start":{"line":11,"column":0},"end":{"line":11,"column":46}},"5":{"start":{"line":13,"column":0},"end":{"line":13,"column":50}},"6":{"start":{"line":15,"column":0},"end":{"line":15,"column":272}},"7":{"start":{"line":15,"column":40},"end":{"line":15,"column":270}},"8":{"start":{"line":15,"column":69},"end":{"line":15,"column":80}},"9":{"start":{"line":15,"column":90},"end":{"line":15,"column":106}},"10":{"start":{"line":15,"column":107},"end":{"line":15,"column":228}},"11":{"start":{"line":15,"column":126},"end":{"line":15,"column":226}},"12":{"start":{"line":15,"column":149},"end":{"line":15,"column":224}},"13":{"start":{"line":15,"column":201},"end":{"line":15,"column":224}},"14":{"start":{"line":15,"column":229},"end":{"line":15,"column":253}},"15":{"start":{"line":15,"column":254},"end":{"line":15,"column":268}},"16":{"start":{"line":17,"column":0},"end":{"line":17,"column":97}},"17":{"start":{"line":17,"column":39},"end":{"line":17,"column":95}},"18":{"start":{"line":19,"column":0},"end":{"line":19,"column":43}},"19":{"start":{"line":23,"column":0},"end":{"line":26,"column":3}},"20":{"start":{"line":24,"column":2},"end":{"line":24,"column":47}},"21":{"start":{"line":25,"column":2},"end":{"line":25,"column":37}},"22":{"start":{"line":29,"column":0},"end":{"line":36,"column":3}},"23":{"start":{"line":30,"column":2},"end":{"line":35,"column":5}},"24":{"start":{"line":31,"column":4},"end":{"line":33,"column":5}},"25":{"start":{"line":32,"column":6},"end":{"line":32,"column":48}},"26":{"start":{"line":34,"column":4},"end":{"line":34,"column":34}},"27":{"start":{"line":39,"column":0},"end":{"line":46,"column":3}},"28":{"start":{"line":40,"column":2},"end":{"line":45,"column":5}},"29":{"start":{"line":41,"column":4},"end":{"line":43,"column":5}},"30":{"start":{"line":42,"column":6},"end":{"line":42,"column":48}},"31":{"start":{"line":44,"column":4},"end":{"line":44,"column":33}},"32":{"start":{"line":49,"column":0},"end":{"line":56,"column":3}},"33":{"start":{"line":50,"column":2},"end":{"line":55,"column":5}},"34":{"start":{"line":51,"column":4},"end":{"line":53,"column":5}},"35":{"start":{"line":52,"column":6},"end":{"line":52,"column":48}},"36":{"start":{"line":54,"column":4},"end":{"line":54,"column":33}},"37":{"start":{"line":59,"column":0},"end":{"line":66,"column":3}},"38":{"start":{"line":60,"column":2},"end":{"line":65,"column":5}},"39":{"start":{"line":61,"column":4},"end":{"line":63,"column":5}},"40":{"start":{"line":62,"column":6},"end":{"line":62,"column":48}},"41":{"start":{"line":64,"column":4},"end":{"line":64,"column":33}},"42":{"start":{"line":69,"column":0},"end":{"line":76,"column":3}},"43":{"start":{"line":70,"column":2},"end":{"line":75,"column":5}},"44":{"start":{"line":71,"column":4},"end":{"line":73,"column":5}},"45":{"start":{"line":72,"column":6},"end":{"line":72,"column":48}},"46":{"start":{"line":74,"column":4},"end":{"line":74,"column":33}},"47":{"start":{"line":78,"column":0},"end":{"line":78,"column":28}}},"branchMap":{"1":{"line":15,"type":"if","locations":[{"start":{"line":15,"column":40},"end":{"line":15,"column":40}},{"start":{"line":15,"column":40},"end":{"line":15,"column":40}}]},"2":{"line":15,"type":"binary-expr","locations":[{"start":{"line":15,"column":44},"end":{"line":15,"column":47}},{"start":{"line":15,"column":51},"end":{"line":15,"column":65}}]},"3":{"line":15,"type":"if","locations":[{"start":{"line":15,"column":107},"end":{"line":15,"column":107}},{"start":{"line":15,"column":107},"end":{"line":15,"column":107}}]},"4":{"line":15,"type":"if","locations":[{"start":{"line":15,"column":149},"end":{"line":15,"column":149}},{"start":{"line":15,"column":149},"end":{"line":15,"column":149}}]},"5":{"line":17,"type":"cond-expr","locations":[{"start":{"line":17,"column":70},"end":{"line":17,"column":73}},{"start":{"line":17,"column":76},"end":{"line":17,"column":94}}]},"6":{"line":17,"type":"binary-expr","locations":[{"start":{"line":17,"column":46},"end":{"line":17,"column":49}},{"start":{"line":17,"column":53},"end":{"line":17,"column":67}}]},"7":{"line":31,"type":"if","locations":[{"start":{"line":31,"column":4},"end":{"line":31,"column":4}},{"start":{"line":31,"column":4},"end":{"line":31,"column":4}}]},"8":{"line":41,"type":"if","locations":[{"start":{"line":41,"column":4},"end":{"line":41,"column":4}},{"start":{"line":41,"column":4},"end":{"line":41,"column":4}}]},"9":{"line":51,"type":"if","locations":[{"start":{"line":51,"column":4},"end":{"line":51,"column":4}},{"start":{"line":51,"column":4},"end":{"line":51,"column":4}}]},"10":{"line":61,"type":"if","locations":[{"start":{"line":61,"column":4},"end":{"line":61,"column":4}},{"start":{"line":61,"column":4},"end":{"line":61,"column":4}}]},"11":{"line":71,"type":"if","locations":[{"start":{"line":71,"column":4},"end":{"line":71,"column":4}},{"start":{"line":71,"column":4},"end":{"line":71,"column":4}}]}}},"C:\\Users\\AkanmuC\\desktop\\andela\\final-project\\api\\models\\question.js":{"path":"C:\\Users\\AkanmuC\\desktop\\andela\\final-project\\api\\models\\question.js","s":{"1":1,"2":1,"3":1,"4":1,"5":1,"6":1,"7":1,"8":13,"9":13,"10":13,"11":0,"12":1,"13":5,"14":1,"15":3,"16":1,"17":2,"18":1,"19":1,"20":1,"21":1,"22":1,"23":1,"24":1,"25":1,"26":2,"27":2,"28":16,"29":2,"30":1,"31":1,"32":0,"33":1,"34":1,"35":3,"36":1,"37":2,"38":2,"39":16,"40":2,"41":1,"42":1,"43":8,"44":1,"45":1,"46":1,"47":1,"48":1,"49":2,"50":2,"51":15,"52":2,"53":1,"54":1,"55":1,"56":1,"57":5,"58":1,"59":4,"60":1,"61":3,"62":3,"63":24,"64":3,"65":24,"66":3,"67":1,"68":2,"69":0,"70":2,"71":2,"72":2,"73":2},"b":{"1":[0,1],"2":[1,1],"3":[1,2],"4":[1,1],"5":[1,1],"6":[0,1],"7":[1,2],"8":[1,1],"9":[1,1],"10":[1,4],"11":[1,3],"12":[1,2],"13":[0,2]},"f":{"1":1,"2":13,"3":5,"4":3,"5":2,"6":16,"7":3,"8":16,"9":8,"10":2,"11":15,"12":5,"13":24,"14":24},"fnMap":{"1":{"name":"_interopRequireDefault","line":12,"loc":{"start":{"line":12,"column":0},"end":{"line":12,"column":37}}},"2":{"name":"fetchQuestions","line":14,"loc":{"start":{"line":14,"column":46},"end":{"line":14,"column":72}}},"3":{"name":"saveQuestion","line":23,"loc":{"start":{"line":23,"column":19},"end":{"line":23,"column":52}}},"4":{"name":"createNewQuestion","line":27,"loc":{"start":{"line":27,"column":52},"end":{"line":27,"column":105}}},"5":{"name":"getQuestionById","line":46,"loc":{"start":{"line":46,"column":48},"end":{"line":46,"column":95}}},"6":{"name":"(anonymous_6)","line":48,"loc":{"start":{"line":48,"column":41},"end":{"line":48,"column":61}}},"7":{"name":"postAnswer","line":59,"loc":{"start":{"line":59,"column":38},"end":{"line":59,"column":88}}},"8":{"name":"(anonymous_8)","line":64,"loc":{"start":{"line":64,"column":37},"end":{"line":64,"column":57}}},"9":{"name":"(anonymous_9)","line":70,"loc":{"start":{"line":70,"column":43},"end":{"line":70,"column":63}}},"10":{"name":"deleteQuestion","line":79,"loc":{"start":{"line":79,"column":46},"end":{"line":79,"column":92}}},"11":{"name":"(anonymous_11)","line":81,"loc":{"start":{"line":81,"column":43},"end":{"line":81,"column":63}}},"12":{"name":"editQuestion","line":91,"loc":{"start":{"line":91,"column":42},"end":{"line":91,"column":101}}},"13":{"name":"(anonymous_13)","line":98,"loc":{"start":{"line":98,"column":46},"end":{"line":98,"column":66}}},"14":{"name":"(anonymous_14)","line":101,"loc":{"start":{"line":101,"column":43},"end":{"line":101,"column":63}}}},"statementMap":{"1":{"start":{"line":3,"column":0},"end":{"line":5,"column":3}},"2":{"start":{"line":6,"column":0},"end":{"line":6,"column":158}},"3":{"start":{"line":8,"column":0},"end":{"line":8,"column":24}},"4":{"start":{"line":10,"column":0},"end":{"line":10,"column":39}},"5":{"start":{"line":12,"column":0},"end":{"line":12,"column":97}},"6":{"start":{"line":12,"column":39},"end":{"line":12,"column":95}},"7":{"start":{"line":14,"column":0},"end":{"line":21,"column":2}},"8":{"start":{"line":15,"column":2},"end":{"line":20,"column":3}},"9":{"start":{"line":16,"column":4},"end":{"line":16,"column":84}},"10":{"start":{"line":17,"column":4},"end":{"line":17,"column":40}},"11":{"start":{"line":19,"column":4},"end":{"line":19,"column":14}},"12":{"start":{"line":23,"column":0},"end":{"line":25,"column":2}},"13":{"start":{"line":24,"column":2},"end":{"line":24,"column":101}},"14":{"start":{"line":27,"column":0},"end":{"line":44,"column":2}},"15":{"start":{"line":28,"column":2},"end":{"line":32,"column":3}},"16":{"start":{"line":29,"column":4},"end":{"line":29,"column":72}},"17":{"start":{"line":30,"column":9},"end":{"line":32,"column":3}},"18":{"start":{"line":31,"column":4},"end":{"line":31,"column":74}},"19":{"start":{"line":33,"column":2},"end":{"line":33,"column":42}},"20":{"start":{"line":34,"column":2},"end":{"line":34,"column":68}},"21":{"start":{"line":35,"column":2},"end":{"line":40,"column":4}},"22":{"start":{"line":41,"column":2},"end":{"line":41,"column":37}},"23":{"start":{"line":42,"column":2},"end":{"line":42,"column":33}},"24":{"start":{"line":43,"column":2},"end":{"line":43,"column":65}},"25":{"start":{"line":46,"column":0},"end":{"line":57,"column":2}},"26":{"start":{"line":47,"column":2},"end":{"line":47,"column":42}},"27":{"start":{"line":48,"column":2},"end":{"line":50,"column":5}},"28":{"start":{"line":49,"column":4},"end":{"line":49,"column":46}},"29":{"start":{"line":51,"column":2},"end":{"line":55,"column":3}},"30":{"start":{"line":52,"column":4},"end":{"line":52,"column":41}},"31":{"start":{"line":53,"column":9},"end":{"line":55,"column":3}},"32":{"start":{"line":54,"column":4},"end":{"line":54,"column":84}},"33":{"start":{"line":56,"column":2},"end":{"line":56,"column":67}},"34":{"start":{"line":59,"column":0},"end":{"line":77,"column":2}},"35":{"start":{"line":60,"column":2},"end":{"line":62,"column":3}},"36":{"start":{"line":61,"column":4},"end":{"line":61,"column":73}},"37":{"start":{"line":63,"column":2},"end":{"line":63,"column":38}},"38":{"start":{"line":64,"column":2},"end":{"line":66,"column":5}},"39":{"start":{"line":65,"column":4},"end":{"line":65,"column":46}},"40":{"start":{"line":67,"column":2},"end":{"line":69,"column":3}},"41":{"start":{"line":68,"column":4},"end":{"line":68,"column":72}},"42":{"start":{"line":70,"column":2},"end":{"line":72,"column":5}},"43":{"start":{"line":71,"column":4},"end":{"line":71,"column":46}},"44":{"start":{"line":73,"column":2},"end":{"line":73,"column":37}},"45":{"start":{"line":74,"column":2},"end":{"line":74,"column":35}},"46":{"start":{"line":75,"column":2},"end":{"line":75,"column":31}},"47":{"start":{"line":76,"column":2},"end":{"line":76,"column":71}},"48":{"start":{"line":79,"column":0},"end":{"line":89,"column":2}},"49":{"start":{"line":80,"column":2},"end":{"line":80,"column":38}},"50":{"start":{"line":81,"column":2},"end":{"line":83,"column":5}},"51":{"start":{"line":82,"column":4},"end":{"line":82,"column":46}},"52":{"start":{"line":84,"column":2},"end":{"line":86,"column":3}},"53":{"start":{"line":85,"column":4},"end":{"line":85,"column":69}},"54":{"start":{"line":87,"column":2},"end":{"line":87,"column":31}},"55":{"start":{"line":88,"column":2},"end":{"line":88,"column":68}},"56":{"start":{"line":91,"column":0},"end":{"line":113,"column":2}},"57":{"start":{"line":92,"column":2},"end":{"line":96,"column":3}},"58":{"start":{"line":93,"column":4},"end":{"line":93,"column":71}},"59":{"start":{"line":94,"column":9},"end":{"line":96,"column":3}},"60":{"start":{"line":95,"column":4},"end":{"line":95,"column":74}},"61":{"start":{"line":97,"column":2},"end":{"line":97,"column":38}},"62":{"start":{"line":98,"column":2},"end":{"line":100,"column":5}},"63":{"start":{"line":99,"column":4},"end":{"line":99,"column":46}},"64":{"start":{"line":101,"column":2},"end":{"line":103,"column":5}},"65":{"start":{"line":102,"column":4},"end":{"line":102,"column":46}},"66":{"start":{"line":104,"column":2},"end":{"line":108,"column":3}},"67":{"start":{"line":105,"column":4},"end":{"line":105,"column":72}},"68":{"start":{"line":106,"column":9},"end":{"line":108,"column":3}},"69":{"start":{"line":107,"column":4},"end":{"line":107,"column":91}},"70":{"start":{"line":109,"column":2},"end":{"line":109,"column":39}},"71":{"start":{"line":110,"column":2},"end":{"line":110,"column":44}},"72":{"start":{"line":111,"column":2},"end":{"line":111,"column":31}},"73":{"start":{"line":112,"column":2},"end":{"line":112,"column":89}}},"branchMap":{"1":{"line":12,"type":"cond-expr","locations":[{"start":{"line":12,"column":70},"end":{"line":12,"column":73}},{"start":{"line":12,"column":76},"end":{"line":12,"column":94}}]},"2":{"line":12,"type":"binary-expr","locations":[{"start":{"line":12,"column":46},"end":{"line":12,"column":49}},{"start":{"line":12,"column":53},"end":{"line":12,"column":67}}]},"3":{"line":28,"type":"if","locations":[{"start":{"line":28,"column":2},"end":{"line":28,"column":2}},{"start":{"line":28,"column":2},"end":{"line":28,"column":2}}]},"4":{"line":30,"type":"if","locations":[{"start":{"line":30,"column":9},"end":{"line":30,"column":9}},{"start":{"line":30,"column":9},"end":{"line":30,"column":9}}]},"5":{"line":51,"type":"if","locations":[{"start":{"line":51,"column":2},"end":{"line":51,"column":2}},{"start":{"line":51,"column":2},"end":{"line":51,"column":2}}]},"6":{"line":53,"type":"if","locations":[{"start":{"line":53,"column":9},"end":{"line":53,"column":9}},{"start":{"line":53,"column":9},"end":{"line":53,"column":9}}]},"7":{"line":60,"type":"if","locations":[{"start":{"line":60,"column":2},"end":{"line":60,"column":2}},{"start":{"line":60,"column":2},"end":{"line":60,"column":2}}]},"8":{"line":67,"type":"if","locations":[{"start":{"line":67,"column":2},"end":{"line":67,"column":2}},{"start":{"line":67,"column":2},"end":{"line":67,"column":2}}]},"9":{"line":84,"type":"if","locations":[{"start":{"line":84,"column":2},"end":{"line":84,"column":2}},{"start":{"line":84,"column":2},"end":{"line":84,"column":2}}]},"10":{"line":92,"type":"if","locations":[{"start":{"line":92,"column":2},"end":{"line":92,"column":2}},{"start":{"line":92,"column":2},"end":{"line":92,"column":2}}]},"11":{"line":94,"type":"if","locations":[{"start":{"line":94,"column":9},"end":{"line":94,"column":9}},{"start":{"line":94,"column":9},"end":{"line":94,"column":9}}]},"12":{"line":104,"type":"if","locations":[{"start":{"line":104,"column":2},"end":{"line":104,"column":2}},{"start":{"line":104,"column":2},"end":{"line":104,"column":2}}]},"13":{"line":106,"type":"if","locations":[{"start":{"line":106,"column":9},"end":{"line":106,"column":9}},{"start":{"line":106,"column":9},"end":{"line":106,"column":9}}]}}}}