TN:
SF:C:\Users\AkanmuC\desktop\andela\final-project\server\server.test.js
FN:17,_interopRequireWildcard
FN:19,_interopRequireDefault
FN:23,(anonymous_3)
FN:24,(anonymous_4)
FN:27,(anonymous_5)
FN:32,(anonymous_6)
FN:33,(anonymous_7)
FN:42,(anonymous_8)
FN:48,(anonymous_9)
FN:59,(anonymous_10)
FN:60,(anonymous_11)
FN:68,(anonymous_12)
FN:76,(anonymous_13)
FN:77,(anonymous_14)
FN:83,(anonymous_15)
FN:88,(anonymous_16)
FN:95,(anonymous_17)
FN:96,(anonymous_18)
FN:102,(anonymous_19)
FN:108,(anonymous_20)
FN:114,(anonymous_21)
FN:119,(anonymous_22)
FN:126,(anonymous_23)
FN:127,(anonymous_24)
FN:130,(anonymous_25)
FNF:25
FNH:25
FNDA:2,_interopRequireWildcard
FNDA:1,_interopRequireDefault
FNDA:1,(anonymous_3)
FNDA:1,(anonymous_4)
FNDA:1,(anonymous_5)
FNDA:1,(anonymous_6)
FNDA:1,(anonymous_7)
FNDA:1,(anonymous_8)
FNDA:1,(anonymous_9)
FNDA:1,(anonymous_10)
FNDA:1,(anonymous_11)
FNDA:1,(anonymous_12)
FNDA:1,(anonymous_13)
FNDA:1,(anonymous_14)
FNDA:1,(anonymous_15)
FNDA:1,(anonymous_16)
FNDA:1,(anonymous_17)
FNDA:1,(anonymous_18)
FNDA:1,(anonymous_19)
FNDA:1,(anonymous_20)
FNDA:1,(anonymous_21)
FNDA:1,(anonymous_22)
FNDA:1,(anonymous_23)
FNDA:1,(anonymous_24)
FNDA:1,(anonymous_25)
DA:3,1
DA:5,1
DA:7,1
DA:9,1
DA:11,1
DA:13,1
DA:15,1
DA:17,2
DA:19,1
DA:21,1
DA:23,1
DA:24,1
DA:25,1
DA:27,1
DA:28,1
DA:32,1
DA:33,1
DA:34,1
DA:42,1
DA:43,1
DA:48,1
DA:49,1
DA:56,1
DA:57,1
DA:59,1
DA:60,1
DA:61,1
DA:68,1
DA:69,1
DA:76,1
DA:77,1
DA:78,1
DA:83,1
DA:84,1
DA:88,1
DA:89,1
DA:95,1
DA:96,1
DA:97,1
DA:102,1
DA:103,1
DA:108,1
DA:109,1
DA:114,1
DA:115,1
DA:119,1
DA:120,1
DA:126,1
DA:127,1
DA:128,1
DA:130,1
DA:131,1
LF:52
LH:52
BRDA:17,1,0,1
BRDA:17,1,1,1
BRDA:17,2,0,2
BRDA:17,2,1,2
BRDA:17,3,0,1
BRDA:17,3,1,0
BRDA:17,4,0,2
BRDA:17,4,1,0
BRDA:19,5,0,0
BRDA:19,5,1,1
BRDA:19,6,0,1
BRDA:19,6,1,1
BRF:12
BRH:9
end_of_record
TN:
SF:C:\Users\AkanmuC\desktop\andela\final-project\server\server.js
FN:28,_interopRequireDefault
FN:38,(anonymous_2)
FN:56,(anonymous_3)
FN:62,(anonymous_4)
FN:68,(anonymous_5)
FN:74,(anonymous_6)
FN:80,(anonymous_7)
FN:86,(anonymous_8)
FN:93,(anonymous_9)
FN:99,(anonymous_10)
FN:112,(anonymous_11)
FNF:11
FNH:2
FNDA:5,_interopRequireDefault
FNDA:17,(anonymous_2)
FNDA:0,(anonymous_3)
FNDA:0,(anonymous_4)
FNDA:0,(anonymous_5)
FNDA:0,(anonymous_6)
FNDA:0,(anonymous_7)
FNDA:0,(anonymous_8)
FNDA:0,(anonymous_9)
FNDA:0,(anonymous_10)
FNDA:0,(anonymous_11)
DA:3,1
DA:6,1
DA:8,1
DA:10,1
DA:12,1
DA:14,1
DA:16,1
DA:18,1
DA:20,1
DA:22,1
DA:24,1
DA:26,1
DA:28,5
DA:30,1
DA:33,1
DA:35,1
DA:36,1
DA:37,1
DA:38,1
DA:39,17
DA:40,17
DA:41,17
DA:42,0
DA:43,0
DA:45,17
DA:48,1
DA:51,1
DA:54,1
DA:56,1
DA:57,0
DA:60,1
DA:62,1
DA:63,0
DA:68,1
DA:69,0
DA:74,1
DA:75,0
DA:80,1
DA:81,0
DA:86,1
DA:87,0
DA:93,1
DA:94,0
DA:95,0
DA:96,0
DA:99,1
DA:100,0
DA:101,0
DA:108,1
DA:111,1
DA:112,0
DA:113,0
LF:52
LH:37
BRDA:28,1,0,1
BRDA:28,1,1,4
BRDA:28,2,0,5
BRDA:28,2,1,5
BRDA:30,3,0,1
BRDA:30,3,1,1
BRDA:41,4,0,0
BRDA:41,4,1,17
BRDA:100,5,0,0
BRDA:100,5,1,0
BRDA:111,6,0,0
BRDA:111,6,1,1
BRF:12
BRH:8
end_of_record
TN:
SF:C:\Users\AkanmuC\desktop\andela\final-project\api\routes\questions.js
FN:15,_interopRequireWildcard
FN:17,_interopRequireDefault
FN:23,(anonymous_3)
FN:29,(anonymous_4)
FN:30,(anonymous_5)
FN:39,(anonymous_6)
FN:40,(anonymous_7)
FN:49,(anonymous_8)
FN:50,(anonymous_9)
FN:59,(anonymous_10)
FN:60,(anonymous_11)
FN:69,(anonymous_12)
FN:70,(anonymous_13)
FNF:13
FNH:13
FNDA:1,_interopRequireWildcard
FNDA:1,_interopRequireDefault
FNDA:2,(anonymous_3)
FNDA:2,(anonymous_4)
FNDA:2,(anonymous_5)
FNDA:3,(anonymous_6)
FNDA:3,(anonymous_7)
FNDA:3,(anonymous_8)
FNDA:3,(anonymous_9)
FNDA:5,(anonymous_10)
FNDA:5,(anonymous_11)
FNDA:2,(anonymous_12)
FNDA:2,(anonymous_13)
DA:3,1
DA:7,1
DA:9,1
DA:11,1
DA:13,1
DA:15,1
DA:17,1
DA:19,1
DA:23,1
DA:24,2
DA:25,2
DA:29,1
DA:30,2
DA:31,2
DA:32,1
DA:34,1
DA:39,1
DA:40,3
DA:41,3
DA:42,2
DA:44,1
DA:49,1
DA:50,3
DA:51,3
DA:52,2
DA:54,1
DA:59,1
DA:60,5
DA:61,5
DA:62,3
DA:64,2
DA:69,1
DA:70,2
DA:71,2
DA:72,1
DA:74,1
DA:78,1
LF:37
LH:37
BRDA:15,1,0,1
BRDA:15,1,1,0
BRDA:15,2,0,1
BRDA:15,2,1,1
BRDA:15,3,0,0
BRDA:15,3,1,0
BRDA:15,4,0,0
BRDA:15,4,1,0
BRDA:17,5,0,0
BRDA:17,5,1,1
BRDA:17,6,0,1
BRDA:17,6,1,1
BRDA:31,7,0,1
BRDA:31,7,1,1
BRDA:41,8,0,2
BRDA:41,8,1,1
BRDA:51,9,0,2
BRDA:51,9,1,1
BRDA:61,10,0,3
BRDA:61,10,1,2
BRDA:71,11,0,1
BRDA:71,11,1,1
BRF:22
BRH:16
end_of_record
TN:
SF:C:\Users\AkanmuC\desktop\andela\final-project\api\models\question.js
FN:12,_interopRequireDefault
FN:14,fetchQuestions
FN:23,saveQuestion
FN:27,createNewQuestion
FN:46,getQuestionById
FN:48,(anonymous_6)
FN:59,postAnswer
FN:64,(anonymous_8)
FN:70,(anonymous_9)
FN:79,deleteQuestion
FN:81,(anonymous_11)
FN:91,editQuestion
FN:98,(anonymous_13)
FN:101,(anonymous_14)
FNF:14
FNH:14
FNDA:1,_interopRequireDefault
FNDA:13,fetchQuestions
FNDA:5,saveQuestion
FNDA:3,createNewQuestion
FNDA:2,getQuestionById
FNDA:16,(anonymous_6)
FNDA:3,postAnswer
FNDA:16,(anonymous_8)
FNDA:8,(anonymous_9)
FNDA:2,deleteQuestion
FNDA:15,(anonymous_11)
FNDA:5,editQuestion
FNDA:24,(anonymous_13)
FNDA:24,(anonymous_14)
DA:3,1
DA:6,1
DA:8,1
DA:10,1
DA:12,1
DA:14,1
DA:15,13
DA:16,13
DA:17,13
DA:19,0
DA:23,1
DA:24,5
DA:27,1
DA:28,3
DA:29,1
DA:30,2
DA:31,1
DA:33,1
DA:34,1
DA:35,1
DA:41,1
DA:42,1
DA:43,1
DA:46,1
DA:47,2
DA:48,2
DA:49,16
DA:51,2
DA:52,1
DA:53,1
DA:54,0
DA:56,1
DA:59,1
DA:60,3
DA:61,1
DA:63,2
DA:64,2
DA:65,16
DA:67,2
DA:68,1
DA:70,1
DA:71,8
DA:73,1
DA:74,1
DA:75,1
DA:76,1
DA:79,1
DA:80,2
DA:81,2
DA:82,15
DA:84,2
DA:85,1
DA:87,1
DA:88,1
DA:91,1
DA:92,5
DA:93,1
DA:94,4
DA:95,1
DA:97,3
DA:98,3
DA:99,24
DA:101,3
DA:102,24
DA:104,3
DA:105,1
DA:106,2
DA:107,0
DA:109,2
DA:110,2
DA:111,2
DA:112,2
LF:72
LH:69
BRDA:12,1,0,0
BRDA:12,1,1,1
BRDA:12,2,0,1
BRDA:12,2,1,1
BRDA:28,3,0,1
BRDA:28,3,1,2
BRDA:30,4,0,1
BRDA:30,4,1,1
BRDA:51,5,0,1
BRDA:51,5,1,1
BRDA:53,6,0,0
BRDA:53,6,1,1
BRDA:60,7,0,1
BRDA:60,7,1,2
BRDA:67,8,0,1
BRDA:67,8,1,1
BRDA:84,9,0,1
BRDA:84,9,1,1
BRDA:92,10,0,1
BRDA:92,10,1,4
BRDA:94,11,0,1
BRDA:94,11,1,3
BRDA:104,12,0,1
BRDA:104,12,1,2
BRDA:106,13,0,0
BRDA:106,13,1,2
BRF:26
BRH:23
end_of_record
